<?xml version="1.0" encoding="UTF-8" ?>
<testsuite errors="1" failures="1" hostname="INF900860" name="checkers.BoardTest" tests="2" time="0.609" timestamp="2016-11-14T16:00:07">
  <properties>
[...]
</properties>
  <testcase classname="checkers.BoardTest" name="testInitBlack" time="0.054">
    <failure message="The test case is a prototype." type="junit.framework.AssertionFailedError">junit.framework.AssertionFailedError: The test case is a prototype.
	at checkers.BoardTest.testInitBlack(BoardTest.java:56)
</failure>
  </testcase>
  <testcase classname="checkers.BoardTest" name="testBoard" time="0.003">
    <error type="java.lang.NullPointerException">java.lang.NullPointerException
	at checkers.Board.Board(Board.java:26)
	at checkers.BoardTest.testBoard(BoardTest.java:42)
</error>
  </testcase>
  <system-out><![CDATA[initBlack
Board
]]></system-out>
  <system-err><![CDATA[]]></system-err>
</testsuite>
